Build started 03-04-2023 10:47:05 PM.
     1>Project "D:\Visual Studio 2010\Projects\Priority_Queue_Project\Priority_Queue_Project\Priority_Queue_Project.vcxproj" on node 2 (build target(s)).
     1>InitializeBuildStatus:
         Creating "Debug\Priority_Queue_Project.unsuccessfulbuild" because "AlwaysCreate" was specified.
       ClCompile:
         C:\Program Files (x86)\Microsoft Visual Studio 10.0\VC\bin\CL.exe /c /ZI /nologo /W3 /WX- /Od /Oy- /D WIN32 /D _DEBUG /D _CONSOLE /D _UNICODE /D UNICODE /Gm /EHsc /RTC1 /MDd /GS /fp:precise /Zc:wchar_t /Zc:forScope /Fo"Debug\\" /Fd"Debug\vc100.pdb" /Gd /TP /analyze- /errorReport:prompt DisplayFront.cpp DisplayQueue.cpp
         DisplayQueue.cpp
         DisplayFront.cpp
         Generating Code...
       ManifestResourceCompile:
         All outputs are up-to-date.
       Link:
         C:\Program Files (x86)\Microsoft Visual Studio 10.0\VC\bin\link.exe /ERRORREPORT:PROMPT /OUT:"D:\Visual Studio 2010\Projects\Priority_Queue_Project\Debug\Priority_Queue_Project.exe" /INCREMENTAL /NOLOGO kernel32.lib user32.lib gdi32.lib winspool.lib comdlg32.lib advapi32.lib shell32.lib ole32.lib oleaut32.lib uuid.lib odbc32.lib odbccp32.lib /MANIFEST /ManifestFile:"Debug\Priority_Queue_Project.exe.intermediate.manifest" /MANIFESTUAC:"level='asInvoker' uiAccess='false'" /DEBUG /PDB:"D:\Visual Studio 2010\Projects\Priority_Queue_Project\Debug\Priority_Queue_Project.pdb" /SUBSYSTEM:CONSOLE /TLBID:1 /DYNAMICBASE /NXCOMPAT /IMPLIB:"D:\Visual Studio 2010\Projects\Priority_Queue_Project\Debug\Priority_Queue_Project.lib" /MACHINE:X86 Debug\Priority_Queue_Project.exe.embed.manifest.res
         Debug\Dequeue.obj
         Debug\DisplayQueue.obj
         Debug\DisplayFront.obj
         Debug\Enqueue.obj
         Debug\Free.obj
         Debug\main.obj
         Debug\menu.obj
       Manifest:
         C:\Program Files (x86)\Microsoft SDKs\Windows\v7.0A\bin\mt.exe /nologo /verbose /out:"Debug\Priority_Queue_Project.exe.embed.manifest" /manifest Debug\Priority_Queue_Project.exe.intermediate.manifest
         All outputs are up-to-date.
       LinkEmbedManifest:
         All outputs are up-to-date.
         Priority_Queue_Project.vcxproj -> D:\Visual Studio 2010\Projects\Priority_Queue_Project\Debug\Priority_Queue_Project.exe
       FinalizeBuildStatus:
         Deleting file "Debug\Priority_Queue_Project.unsuccessfulbuild".
         Touching "Debug\Priority_Queue_Project.lastbuildstate".
     1>Done Building Project "D:\Visual Studio 2010\Projects\Priority_Queue_Project\Priority_Queue_Project\Priority_Queue_Project.vcxproj" (build target(s)).

Build succeeded.

Time Elapsed 00:00:01.26
